<?xml version="1.0" encoding="UTF-8"?>
<testng-results skipped="0" failed="0" total="1" passed="1">
  <reporter-output>
  </reporter-output>
  <suite name="com.comcast.meme.MemeSorterTest" duration-ms="48" started-at="2016-02-26T22:56:48Z" finished-at="2016-02-26T22:56:48Z">
    <groups>
    </groups>
    <test name="Command line test" duration-ms="48" started-at="2016-02-26T22:56:48Z" finished-at="2016-02-26T22:56:48Z">
      <class name="com.comcast.meme.MemeSorterTest">
        <test-method status="PASS" signature="setUp()" name="setUp" is-config="true" duration-ms="42" started-at="2016-02-26T22:56:48Z" finished-at="2016-02-26T22:56:48Z">
        </test-method>
        <test-method status="PASS" signature="testMemeSorter()" name="testMemeSorter" duration-ms="3" started-at="2016-02-26T22:56:48Z" finished-at="2016-02-26T22:56:48Z">
        </test-method>
      </class>
    </test>
  </suite>
</testng-results>
